<?xml version="1.0" encoding="UTF-8"?>
<coverage generated="1729160911478" clover="3.2.0">
  <project timestamp="1729160911479" name="All files">
    <metrics statements="59" coveredstatements="48" conditionals="93" coveredconditionals="56" methods="19" coveredmethods="11" elements="171" coveredelements="115" complexity="0" loc="59" ncloc="59" packages="2" files="2" classes="2"/>
    <package name="app">
      <metrics statements="18" coveredstatements="17" conditionals="29" coveredconditionals="18" methods="4" coveredmethods="4"/>
      <file name="app.controller.js" path="G:\Dev\Javascript\simplify\dist\app\app.controller.js">
        <metrics statements="18" coveredstatements="17" conditionals="29" coveredconditionals="18" methods="4" coveredmethods="4"/>
        <line num="2" count="1" type="cond" truecount="3" falsecount="0"/>
        <line num="3" count="2" type="cond" truecount="3" falsecount="1"/>
        <line num="4" count="2" type="cond" truecount="3" falsecount="1"/>
        <line num="5" count="0" type="cond" truecount="0" falsecount="8"/>
        <line num="6" count="2" type="cond" truecount="3" falsecount="0"/>
        <line num="8" count="1" type="cond" truecount="3" falsecount="0"/>
        <line num="9" count="4" type="cond" truecount="3" falsecount="1"/>
        <line num="11" count="1" type="stmt"/>
        <line num="12" count="1" type="stmt"/>
        <line num="13" count="1" type="stmt"/>
        <line num="14" count="1" type="stmt"/>
        <line num="15" count="1" type="stmt"/>
        <line num="17" count="2" type="stmt"/>
        <line num="20" count="2" type="stmt"/>
        <line num="21" count="2" type="stmt"/>
        <line num="30" count="1" type="stmt"/>
        <line num="31" count="1" type="stmt"/>
        <line num="37" count="1" type="stmt"/>
      </file>
    </package>
    <package name="logger">
      <metrics statements="41" coveredstatements="31" conditionals="64" coveredconditionals="38" methods="15" coveredmethods="7"/>
      <file name="logger.service.js" path="G:\Dev\Javascript\simplify\dist\logger\logger.service.js">
        <metrics statements="41" coveredstatements="31" conditionals="64" coveredconditionals="38" methods="15" coveredmethods="7"/>
        <line num="2" count="2" type="cond" truecount="4" falsecount="1"/>
        <line num="3" count="76" type="cond" truecount="1" falsecount="1"/>
        <line num="4" count="76" type="stmt"/>
        <line num="5" count="76" type="cond" truecount="5" falsecount="3"/>
        <line num="6" count="76" type="stmt"/>
        <line num="8" count="76" type="stmt"/>
        <line num="10" count="0" type="cond" truecount="0" falsecount="2"/>
        <line num="11" count="0" type="stmt"/>
        <line num="13" count="2" type="cond" truecount="4" falsecount="1"/>
        <line num="14" count="2" type="stmt"/>
        <line num="16" count="0" type="stmt"/>
        <line num="18" count="2" type="cond" truecount="3" falsecount="0"/>
        <line num="19" count="2" type="cond" truecount="1" falsecount="3"/>
        <line num="20" count="2" type="cond" truecount="3" falsecount="1"/>
        <line num="21" count="0" type="cond" truecount="0" falsecount="8"/>
        <line num="22" count="2" type="cond" truecount="1" falsecount="2"/>
        <line num="24" count="2" type="cond" truecount="3" falsecount="0"/>
        <line num="25" count="2" type="cond" truecount="3" falsecount="1"/>
        <line num="26" count="2" type="stmt"/>
        <line num="27" count="76" type="cond" truecount="4" falsecount="2"/>
        <line num="28" count="2" type="stmt"/>
        <line num="29" count="2" type="stmt"/>
        <line num="31" count="2" type="cond" truecount="3" falsecount="0"/>
        <line num="32" count="2" type="cond" truecount="3" falsecount="1"/>
        <line num="34" count="2" type="stmt"/>
        <line num="35" count="2" type="stmt"/>
        <line num="37" count="2" type="stmt"/>
        <line num="38" count="2" type="stmt"/>
        <line num="39" count="2" type="stmt"/>
        <line num="40" count="2" type="stmt"/>
        <line num="42" count="6" type="stmt"/>
        <line num="44" count="0" type="stmt"/>
        <line num="47" count="6" type="stmt"/>
        <line num="55" count="6" type="stmt"/>
        <line num="61" count="0" type="stmt"/>
        <line num="64" count="0" type="stmt"/>
        <line num="67" count="0" type="stmt"/>
        <line num="70" count="0" type="stmt"/>
        <line num="73" count="0" type="stmt"/>
        <line num="76" count="2" type="stmt"/>
        <line num="77" count="2" type="stmt"/>
      </file>
    </package>
  </project>
</coverage>
