{"G:\\Dev\\Javascript\\simplify\\dist\\app\\app.controller.js": {"path":"G:\\Dev\\Javascript\\simplify\\dist\\app\\app.controller.js","statementMap":{"0":{"start":{"line":2,"column":17},"end":{"line":7,"column":1}},"1":{"start":{"line":3,"column":12},"end":{"line":3,"column":28}},"2":{"start":{"line":3,"column":34},"end":{"line":3,"column":125}},"3":{"start":{"line":4,"column":4},"end":{"line":5,"column":150}},"4":{"start":{"line":4,"column":79},"end":{"line":4,"column":131}},"5":{"start":{"line":5,"column":9},"end":{"line":5,"column":150}},"6":{"start":{"line":5,"column":22},"end":{"line":5,"column":43}},"7":{"start":{"line":5,"column":58},"end":{"line":5,"column":150}},"8":{"start":{"line":5,"column":81},"end":{"line":5,"column":150}},"9":{"start":{"line":6,"column":4},"end":{"line":6,"column":66}},"10":{"start":{"line":8,"column":17},"end":{"line":10,"column":1}},"11":{"start":{"line":9,"column":4},"end":{"line":9,"column":109}},"12":{"start":{"line":9,"column":79},"end":{"line":9,"column":109}},"13":{"start":{"line":11,"column":0},"end":{"line":11,"column":62}},"14":{"start":{"line":12,"column":0},"end":{"line":12,"column":31}},"15":{"start":{"line":13,"column":17},"end":{"line":13,"column":42}},"16":{"start":{"line":14,"column":25},"end":{"line":14,"column":60}},"17":{"start":{"line":15,"column":20},"end":{"line":29,"column":1}},"18":{"start":{"line":17,"column":8},"end":{"line":17,"column":29}},"19":{"start":{"line":20,"column":8},"end":{"line":20,"column":63}},"20":{"start":{"line":21,"column":8},"end":{"line":27,"column":10}},"21":{"start":{"line":30,"column":0},"end":{"line":30,"column":38}},"22":{"start":{"line":31,"column":0},"end":{"line":36,"column":46}},"23":{"start":{"line":37,"column":0},"end":{"line":40,"column":18}}},"fnMap":{"0":{"name":"(anonymous_0)","decl":{"start":{"line":2,"column":46},"end":{"line":2,"column":47}},"loc":{"start":{"line":2,"column":87},"end":{"line":7,"column":1}},"line":2},"1":{"name":"(anonymous_1)","decl":{"start":{"line":8,"column":46},"end":{"line":8,"column":47}},"loc":{"start":{"line":8,"column":62},"end":{"line":10,"column":1}},"line":8},"2":{"name":"(anonymous_2)","decl":{"start":{"line":16,"column":4},"end":{"line":16,"column":5}},"loc":{"start":{"line":16,"column":24},"end":{"line":18,"column":5}},"line":16},"3":{"name":"(anonymous_3)","decl":{"start":{"line":19,"column":4},"end":{"line":19,"column":5}},"loc":{"start":{"line":19,"column":15},"end":{"line":28,"column":5}},"line":19}},"branchMap":{"0":{"loc":{"start":{"line":2,"column":17},"end":{"line":7,"column":1}},"type":"binary-expr","locations":[{"start":{"line":2,"column":18},"end":{"line":2,"column":22}},{"start":{"line":2,"column":26},"end":{"line":2,"column":41}},{"start":{"line":2,"column":46},"end":{"line":7,"column":1}}],"line":2},"1":{"loc":{"start":{"line":3,"column":34},"end":{"line":3,"column":125}},"type":"cond-expr","locations":[{"start":{"line":3,"column":42},"end":{"line":3,"column":48}},{"start":{"line":3,"column":51},"end":{"line":3,"column":125}}],"line":3},"2":{"loc":{"start":{"line":3,"column":51},"end":{"line":3,"column":125}},"type":"cond-expr","locations":[{"start":{"line":3,"column":67},"end":{"line":3,"column":118}},{"start":{"line":3,"column":121},"end":{"line":3,"column":125}}],"line":3},"3":{"loc":{"start":{"line":4,"column":4},"end":{"line":5,"column":150}},"type":"if","locations":[{"start":{"line":4,"column":4},"end":{"line":5,"column":150}},{"start":{"line":5,"column":9},"end":{"line":5,"column":150}}],"line":4},"4":{"loc":{"start":{"line":4,"column":8},"end":{"line":4,"column":77}},"type":"binary-expr","locations":[{"start":{"line":4,"column":8},"end":{"line":4,"column":35}},{"start":{"line":4,"column":39},"end":{"line":4,"column":77}}],"line":4},"5":{"loc":{"start":{"line":5,"column":58},"end":{"line":5,"column":150}},"type":"if","locations":[{"start":{"line":5,"column":58},"end":{"line":5,"column":150}},{"start":{},"end":{}}],"line":5},"6":{"loc":{"start":{"line":5,"column":85},"end":{"line":5,"column":149}},"type":"binary-expr","locations":[{"start":{"line":5,"column":86},"end":{"line":5,"column":143}},{"start":{"line":5,"column":148},"end":{"line":5,"column":149}}],"line":5},"7":{"loc":{"start":{"line":5,"column":86},"end":{"line":5,"column":143}},"type":"cond-expr","locations":[{"start":{"line":5,"column":94},"end":{"line":5,"column":98}},{"start":{"line":5,"column":101},"end":{"line":5,"column":143}}],"line":5},"8":{"loc":{"start":{"line":5,"column":101},"end":{"line":5,"column":143}},"type":"cond-expr","locations":[{"start":{"line":5,"column":109},"end":{"line":5,"column":126}},{"start":{"line":5,"column":129},"end":{"line":5,"column":143}}],"line":5},"9":{"loc":{"start":{"line":6,"column":11},"end":{"line":6,"column":62}},"type":"binary-expr","locations":[{"start":{"line":6,"column":11},"end":{"line":6,"column":16}},{"start":{"line":6,"column":20},"end":{"line":6,"column":21}},{"start":{"line":6,"column":25},"end":{"line":6,"column":62}}],"line":6},"10":{"loc":{"start":{"line":8,"column":17},"end":{"line":10,"column":1}},"type":"binary-expr","locations":[{"start":{"line":8,"column":18},"end":{"line":8,"column":22}},{"start":{"line":8,"column":26},"end":{"line":8,"column":41}},{"start":{"line":8,"column":46},"end":{"line":10,"column":1}}],"line":8},"11":{"loc":{"start":{"line":9,"column":4},"end":{"line":9,"column":109}},"type":"if","locations":[{"start":{"line":9,"column":4},"end":{"line":9,"column":109}},{"start":{},"end":{}}],"line":9},"12":{"loc":{"start":{"line":9,"column":8},"end":{"line":9,"column":77}},"type":"binary-expr","locations":[{"start":{"line":9,"column":8},"end":{"line":9,"column":35}},{"start":{"line":9,"column":39},"end":{"line":9,"column":77}}],"line":9}},"s":{"0":1,"1":2,"2":2,"3":2,"4":2,"5":0,"6":0,"7":0,"8":0,"9":2,"10":1,"11":4,"12":4,"13":1,"14":1,"15":1,"16":1,"17":1,"18":2,"19":2,"20":2,"21":1,"22":1,"23":1},"f":{"0":2,"1":4,"2":2,"3":2},"b":{"0":[1,1,1],"1":[1,1],"2":[1,0],"3":[2,0],"4":[2,2],"5":[0,0],"6":[0,0],"7":[0,0],"8":[0,0],"9":[2,1,1],"10":[1,1,1],"11":[4,0],"12":[4,4]},"_coverageSchema":"1a1c01bbd47fc00a2c39e90264f33305004495a9","hash":"8601102d1c1ac64053ed6dd0bfe7a8b532c9060f"}
,"G:\\Dev\\Javascript\\simplify\\dist\\logger\\logger.service.js": {"path":"G:\\Dev\\Javascript\\simplify\\dist\\logger\\logger.service.js","statementMap":{"0":{"start":{"line":2,"column":22},"end":{"line":12,"column":3}},"1":{"start":{"line":3,"column":4},"end":{"line":3,"column":33}},"2":{"start":{"line":3,"column":26},"end":{"line":3,"column":33}},"3":{"start":{"line":4,"column":15},"end":{"line":4,"column":52}},"4":{"start":{"line":5,"column":4},"end":{"line":7,"column":5}},"5":{"start":{"line":6,"column":6},"end":{"line":6,"column":68}},"6":{"start":{"line":6,"column":51},"end":{"line":6,"column":63}},"7":{"start":{"line":8,"column":4},"end":{"line":8,"column":39}},"8":{"start":{"line":10,"column":4},"end":{"line":10,"column":33}},"9":{"start":{"line":10,"column":26},"end":{"line":10,"column":33}},"10":{"start":{"line":11,"column":4},"end":{"line":11,"column":17}},"11":{"start":{"line":13,"column":25},"end":{"line":17,"column":2}},"12":{"start":{"line":14,"column":4},"end":{"line":14,"column":72}},"13":{"start":{"line":16,"column":4},"end":{"line":16,"column":21}},"14":{"start":{"line":18,"column":17},"end":{"line":23,"column":1}},"15":{"start":{"line":19,"column":12},"end":{"line":19,"column":28}},"16":{"start":{"line":19,"column":34},"end":{"line":19,"column":125}},"17":{"start":{"line":20,"column":4},"end":{"line":21,"column":150}},"18":{"start":{"line":20,"column":79},"end":{"line":20,"column":131}},"19":{"start":{"line":21,"column":9},"end":{"line":21,"column":150}},"20":{"start":{"line":21,"column":22},"end":{"line":21,"column":43}},"21":{"start":{"line":21,"column":58},"end":{"line":21,"column":150}},"22":{"start":{"line":21,"column":81},"end":{"line":21,"column":150}},"23":{"start":{"line":22,"column":4},"end":{"line":22,"column":66}},"24":{"start":{"line":24,"column":19},"end":{"line":30,"column":1}},"25":{"start":{"line":25,"column":4},"end":{"line":25,"column":42}},"26":{"start":{"line":25,"column":31},"end":{"line":25,"column":42}},"27":{"start":{"line":26,"column":17},"end":{"line":26,"column":19}},"28":{"start":{"line":27,"column":4},"end":{"line":27,"column":141}},"29":{"start":{"line":27,"column":21},"end":{"line":27,"column":141}},"30":{"start":{"line":27,"column":40},"end":{"line":27,"column":141}},"31":{"start":{"line":27,"column":109},"end":{"line":27,"column":141}},"32":{"start":{"line":28,"column":4},"end":{"line":28,"column":36}},"33":{"start":{"line":29,"column":4},"end":{"line":29,"column":18}},"34":{"start":{"line":31,"column":17},"end":{"line":33,"column":1}},"35":{"start":{"line":32,"column":4},"end":{"line":32,"column":109}},"36":{"start":{"line":32,"column":79},"end":{"line":32,"column":109}},"37":{"start":{"line":34,"column":0},"end":{"line":34,"column":62}},"38":{"start":{"line":35,"column":0},"end":{"line":35,"column":30}},"39":{"start":{"line":37,"column":17},"end":{"line":37,"column":42}},"40":{"start":{"line":38,"column":16},"end":{"line":38,"column":48}},"41":{"start":{"line":39,"column":0},"end":{"line":39,"column":37}},"42":{"start":{"line":40,"column":19},"end":{"line":75,"column":1}},"43":{"start":{"line":42,"column":26},"end":{"line":46,"column":10}},"44":{"start":{"line":44,"column":16},"end":{"line":44,"column":59}},"45":{"start":{"line":47,"column":30},"end":{"line":54,"column":10}},"46":{"start":{"line":55,"column":8},"end":{"line":58,"column":11}},"47":{"start":{"line":61,"column":8},"end":{"line":61,"column":34}},"48":{"start":{"line":64,"column":8},"end":{"line":64,"column":42}},"49":{"start":{"line":67,"column":8},"end":{"line":67,"column":34}},"50":{"start":{"line":70,"column":8},"end":{"line":70,"column":35}},"51":{"start":{"line":73,"column":8},"end":{"line":73,"column":37}},"52":{"start":{"line":76,"column":0},"end":{"line":76,"column":36}},"53":{"start":{"line":77,"column":0},"end":{"line":80,"column":17}}},"fnMap":{"0":{"name":"(anonymous_0)","decl":{"start":{"line":2,"column":74},"end":{"line":2,"column":75}},"loc":{"start":{"line":2,"column":96},"end":{"line":9,"column":1}},"line":2},"1":{"name":"(anonymous_1)","decl":{"start":{"line":6,"column":38},"end":{"line":6,"column":39}},"loc":{"start":{"line":6,"column":49},"end":{"line":6,"column":65}},"line":6},"2":{"name":"(anonymous_2)","decl":{"start":{"line":9,"column":6},"end":{"line":9,"column":7}},"loc":{"start":{"line":9,"column":28},"end":{"line":12,"column":1}},"line":9},"3":{"name":"(anonymous_3)","decl":{"start":{"line":13,"column":80},"end":{"line":13,"column":81}},"loc":{"start":{"line":13,"column":95},"end":{"line":15,"column":1}},"line":13},"4":{"name":"(anonymous_4)","decl":{"start":{"line":15,"column":5},"end":{"line":15,"column":6}},"loc":{"start":{"line":15,"column":20},"end":{"line":17,"column":1}},"line":15},"5":{"name":"(anonymous_5)","decl":{"start":{"line":18,"column":46},"end":{"line":18,"column":47}},"loc":{"start":{"line":18,"column":87},"end":{"line":23,"column":1}},"line":18},"6":{"name":"(anonymous_6)","decl":{"start":{"line":24,"column":50},"end":{"line":24,"column":51}},"loc":{"start":{"line":24,"column":65},"end":{"line":30,"column":1}},"line":24},"7":{"name":"(anonymous_7)","decl":{"start":{"line":31,"column":46},"end":{"line":31,"column":47}},"loc":{"start":{"line":31,"column":62},"end":{"line":33,"column":1}},"line":31},"8":{"name":"(anonymous_8)","decl":{"start":{"line":41,"column":4},"end":{"line":41,"column":5}},"loc":{"start":{"line":41,"column":18},"end":{"line":59,"column":5}},"line":41},"9":{"name":"(anonymous_9)","decl":{"start":{"line":43,"column":120},"end":{"line":43,"column":121}},"loc":{"start":{"line":43,"column":155},"end":{"line":45,"column":13}},"line":43},"10":{"name":"(anonymous_10)","decl":{"start":{"line":60,"column":4},"end":{"line":60,"column":5}},"loc":{"start":{"line":60,"column":17},"end":{"line":62,"column":5}},"line":60},"11":{"name":"(anonymous_11)","decl":{"start":{"line":63,"column":4},"end":{"line":63,"column":5}},"loc":{"start":{"line":63,"column":26},"end":{"line":65,"column":5}},"line":63},"12":{"name":"(anonymous_12)","decl":{"start":{"line":66,"column":4},"end":{"line":66,"column":5}},"loc":{"start":{"line":66,"column":18},"end":{"line":68,"column":5}},"line":66},"13":{"name":"(anonymous_13)","decl":{"start":{"line":69,"column":4},"end":{"line":69,"column":5}},"loc":{"start":{"line":69,"column":19},"end":{"line":71,"column":5}},"line":69},"14":{"name":"(anonymous_14)","decl":{"start":{"line":72,"column":4},"end":{"line":72,"column":5}},"loc":{"start":{"line":72,"column":21},"end":{"line":74,"column":5}},"line":72}},"branchMap":{"0":{"loc":{"start":{"line":2,"column":22},"end":{"line":12,"column":3}},"type":"binary-expr","locations":[{"start":{"line":2,"column":23},"end":{"line":2,"column":27}},{"start":{"line":2,"column":31},"end":{"line":2,"column":51}},{"start":{"line":2,"column":57},"end":{"line":12,"column":2}}],"line":2},"1":{"loc":{"start":{"line":2,"column":57},"end":{"line":12,"column":2}},"type":"cond-expr","locations":[{"start":{"line":2,"column":74},"end":{"line":9,"column":1}},{"start":{"line":9,"column":6},"end":{"line":12,"column":1}}],"line":2},"2":{"loc":{"start":{"line":3,"column":4},"end":{"line":3,"column":33}},"type":"if","locations":[{"start":{"line":3,"column":4},"end":{"line":3,"column":33}},{"start":{},"end":{}}],"line":3},"3":{"loc":{"start":{"line":5,"column":4},"end":{"line":7,"column":5}},"type":"if","locations":[{"start":{"line":5,"column":4},"end":{"line":7,"column":5}},{"start":{},"end":{}}],"line":5},"4":{"loc":{"start":{"line":5,"column":8},"end":{"line":5,"column":85}},"type":"binary-expr","locations":[{"start":{"line":5,"column":8},"end":{"line":5,"column":13}},{"start":{"line":5,"column":18},"end":{"line":5,"column":84}}],"line":5},"5":{"loc":{"start":{"line":5,"column":18},"end":{"line":5,"column":84}},"type":"cond-expr","locations":[{"start":{"line":5,"column":34},"end":{"line":5,"column":47}},{"start":{"line":5,"column":50},"end":{"line":5,"column":84}}],"line":5},"6":{"loc":{"start":{"line":5,"column":50},"end":{"line":5,"column":84}},"type":"binary-expr","locations":[{"start":{"line":5,"column":50},"end":{"line":5,"column":63}},{"start":{"line":5,"column":67},"end":{"line":5,"column":84}}],"line":5},"7":{"loc":{"start":{"line":10,"column":4},"end":{"line":10,"column":33}},"type":"if","locations":[{"start":{"line":10,"column":4},"end":{"line":10,"column":33}},{"start":{},"end":{}}],"line":10},"8":{"loc":{"start":{"line":13,"column":25},"end":{"line":17,"column":2}},"type":"binary-expr","locations":[{"start":{"line":13,"column":26},"end":{"line":13,"column":30}},{"start":{"line":13,"column":34},"end":{"line":13,"column":57}},{"start":{"line":13,"column":63},"end":{"line":17,"column":1}}],"line":13},"9":{"loc":{"start":{"line":13,"column":63},"end":{"line":17,"column":1}},"type":"cond-expr","locations":[{"start":{"line":13,"column":80},"end":{"line":15,"column":1}},{"start":{"line":15,"column":5},"end":{"line":17,"column":1}}],"line":13},"10":{"loc":{"start":{"line":18,"column":17},"end":{"line":23,"column":1}},"type":"binary-expr","locations":[{"start":{"line":18,"column":18},"end":{"line":18,"column":22}},{"start":{"line":18,"column":26},"end":{"line":18,"column":41}},{"start":{"line":18,"column":46},"end":{"line":23,"column":1}}],"line":18},"11":{"loc":{"start":{"line":19,"column":34},"end":{"line":19,"column":125}},"type":"cond-expr","locations":[{"start":{"line":19,"column":42},"end":{"line":19,"column":48}},{"start":{"line":19,"column":51},"end":{"line":19,"column":125}}],"line":19},"12":{"loc":{"start":{"line":19,"column":51},"end":{"line":19,"column":125}},"type":"cond-expr","locations":[{"start":{"line":19,"column":67},"end":{"line":19,"column":118}},{"start":{"line":19,"column":121},"end":{"line":19,"column":125}}],"line":19},"13":{"loc":{"start":{"line":20,"column":4},"end":{"line":21,"column":150}},"type":"if","locations":[{"start":{"line":20,"column":4},"end":{"line":21,"column":150}},{"start":{"line":21,"column":9},"end":{"line":21,"column":150}}],"line":20},"14":{"loc":{"start":{"line":20,"column":8},"end":{"line":20,"column":77}},"type":"binary-expr","locations":[{"start":{"line":20,"column":8},"end":{"line":20,"column":35}},{"start":{"line":20,"column":39},"end":{"line":20,"column":77}}],"line":20},"15":{"loc":{"start":{"line":21,"column":58},"end":{"line":21,"column":150}},"type":"if","locations":[{"start":{"line":21,"column":58},"end":{"line":21,"column":150}},{"start":{},"end":{}}],"line":21},"16":{"loc":{"start":{"line":21,"column":85},"end":{"line":21,"column":149}},"type":"binary-expr","locations":[{"start":{"line":21,"column":86},"end":{"line":21,"column":143}},{"start":{"line":21,"column":148},"end":{"line":21,"column":149}}],"line":21},"17":{"loc":{"start":{"line":21,"column":86},"end":{"line":21,"column":143}},"type":"cond-expr","locations":[{"start":{"line":21,"column":94},"end":{"line":21,"column":98}},{"start":{"line":21,"column":101},"end":{"line":21,"column":143}}],"line":21},"18":{"loc":{"start":{"line":21,"column":101},"end":{"line":21,"column":143}},"type":"cond-expr","locations":[{"start":{"line":21,"column":109},"end":{"line":21,"column":126}},{"start":{"line":21,"column":129},"end":{"line":21,"column":143}}],"line":21},"19":{"loc":{"start":{"line":22,"column":11},"end":{"line":22,"column":62}},"type":"binary-expr","locations":[{"start":{"line":22,"column":11},"end":{"line":22,"column":16}},{"start":{"line":22,"column":20},"end":{"line":22,"column":21}},{"start":{"line":22,"column":25},"end":{"line":22,"column":62}}],"line":22},"20":{"loc":{"start":{"line":24,"column":19},"end":{"line":30,"column":1}},"type":"binary-expr","locations":[{"start":{"line":24,"column":20},"end":{"line":24,"column":24}},{"start":{"line":24,"column":28},"end":{"line":24,"column":45}},{"start":{"line":24,"column":50},"end":{"line":30,"column":1}}],"line":24},"21":{"loc":{"start":{"line":25,"column":4},"end":{"line":25,"column":42}},"type":"if","locations":[{"start":{"line":25,"column":4},"end":{"line":25,"column":42}},{"start":{},"end":{}}],"line":25},"22":{"loc":{"start":{"line":25,"column":8},"end":{"line":25,"column":29}},"type":"binary-expr","locations":[{"start":{"line":25,"column":8},"end":{"line":25,"column":11}},{"start":{"line":25,"column":15},"end":{"line":25,"column":29}}],"line":25},"23":{"loc":{"start":{"line":27,"column":4},"end":{"line":27,"column":141}},"type":"if","locations":[{"start":{"line":27,"column":4},"end":{"line":27,"column":141}},{"start":{},"end":{}}],"line":27},"24":{"loc":{"start":{"line":27,"column":40},"end":{"line":27,"column":141}},"type":"if","locations":[{"start":{"line":27,"column":40},"end":{"line":27,"column":141}},{"start":{},"end":{}}],"line":27},"25":{"loc":{"start":{"line":27,"column":44},"end":{"line":27,"column":107}},"type":"binary-expr","locations":[{"start":{"line":27,"column":44},"end":{"line":27,"column":59}},{"start":{"line":27,"column":63},"end":{"line":27,"column":107}}],"line":27},"26":{"loc":{"start":{"line":31,"column":17},"end":{"line":33,"column":1}},"type":"binary-expr","locations":[{"start":{"line":31,"column":18},"end":{"line":31,"column":22}},{"start":{"line":31,"column":26},"end":{"line":31,"column":41}},{"start":{"line":31,"column":46},"end":{"line":33,"column":1}}],"line":31},"27":{"loc":{"start":{"line":32,"column":4},"end":{"line":32,"column":109}},"type":"if","locations":[{"start":{"line":32,"column":4},"end":{"line":32,"column":109}},{"start":{},"end":{}}],"line":32},"28":{"loc":{"start":{"line":32,"column":8},"end":{"line":32,"column":77}},"type":"binary-expr","locations":[{"start":{"line":32,"column":8},"end":{"line":32,"column":35}},{"start":{"line":32,"column":39},"end":{"line":32,"column":77}}],"line":32}},"s":{"0":2,"1":76,"2":76,"3":76,"4":76,"5":76,"6":60,"7":76,"8":0,"9":0,"10":0,"11":2,"12":2,"13":0,"14":2,"15":2,"16":2,"17":2,"18":2,"19":0,"20":0,"21":0,"22":0,"23":2,"24":2,"25":2,"26":0,"27":2,"28":2,"29":2,"30":76,"31":76,"32":2,"33":2,"34":2,"35":2,"36":2,"37":2,"38":2,"39":2,"40":2,"41":2,"42":2,"43":6,"44":0,"45":6,"46":6,"47":0,"48":0,"49":0,"50":0,"51":0,"52":2,"53":2},"f":{"0":76,"1":60,"2":0,"3":2,"4":0,"5":2,"6":2,"7":2,"8":6,"9":0,"10":0,"11":0,"12":0,"13":0,"14":0},"b":{"0":[2,2,2],"1":[2,0],"2":[76,0],"3":[76,0],"4":[76,76],"5":[0,76],"6":[76,0],"7":[0,0],"8":[2,2,2],"9":[2,0],"10":[2,2,2],"11":[2,0],"12":[0,0],"13":[2,0],"14":[2,2],"15":[0,0],"16":[0,0],"17":[0,0],"18":[0,0],"19":[2,0,0],"20":[2,2,2],"21":[0,2],"22":[2,2],"23":[2,0],"24":[76,0],"25":[76,76],"26":[2,2,2],"27":[2,0],"28":[2,2]},"_coverageSchema":"1a1c01bbd47fc00a2c39e90264f33305004495a9","hash":"9e05857aab06a9fb45bcc2d6966e4368ac84824d"}
}
