TN:
SF:dist\app\app.controller.js
FN:2,(anonymous_0)
FN:8,(anonymous_1)
FN:16,(anonymous_2)
FN:19,(anonymous_3)
FNF:4
FNH:4
FNDA:2,(anonymous_0)
FNDA:4,(anonymous_1)
FNDA:2,(anonymous_2)
FNDA:2,(anonymous_3)
DA:2,1
DA:3,2
DA:4,2
DA:5,0
DA:6,2
DA:8,1
DA:9,4
DA:11,1
DA:12,1
DA:13,1
DA:14,1
DA:15,1
DA:17,2
DA:20,2
DA:21,2
DA:30,1
DA:31,1
DA:37,1
LF:18
LH:17
BRDA:2,0,0,1
BRDA:2,0,1,1
BRDA:2,0,2,1
BRDA:3,1,0,1
BRDA:3,1,1,1
BRDA:3,2,0,1
BRDA:3,2,1,0
BRDA:4,3,0,2
BRDA:4,3,1,0
BRDA:4,4,0,2
BRDA:4,4,1,2
BRDA:5,5,0,0
BRDA:5,5,1,0
BRDA:5,6,0,0
BRDA:5,6,1,0
BRDA:5,7,0,0
BRDA:5,7,1,0
BRDA:5,8,0,0
BRDA:5,8,1,0
BRDA:6,9,0,2
BRDA:6,9,1,1
BRDA:6,9,2,1
BRDA:8,10,0,1
BRDA:8,10,1,1
BRDA:8,10,2,1
BRDA:9,11,0,4
BRDA:9,11,1,0
BRDA:9,12,0,4
BRDA:9,12,1,4
BRF:29
BRH:18
end_of_record
TN:
SF:dist\logger\logger.service.js
FN:2,(anonymous_0)
FN:6,(anonymous_1)
FN:9,(anonymous_2)
FN:13,(anonymous_3)
FN:15,(anonymous_4)
FN:18,(anonymous_5)
FN:24,(anonymous_6)
FN:31,(anonymous_7)
FN:41,(anonymous_8)
FN:43,(anonymous_9)
FN:60,(anonymous_10)
FN:63,(anonymous_11)
FN:66,(anonymous_12)
FN:69,(anonymous_13)
FN:72,(anonymous_14)
FNF:15
FNH:7
FNDA:76,(anonymous_0)
FNDA:60,(anonymous_1)
FNDA:0,(anonymous_2)
FNDA:2,(anonymous_3)
FNDA:0,(anonymous_4)
FNDA:2,(anonymous_5)
FNDA:2,(anonymous_6)
FNDA:2,(anonymous_7)
FNDA:6,(anonymous_8)
FNDA:0,(anonymous_9)
FNDA:0,(anonymous_10)
FNDA:0,(anonymous_11)
FNDA:0,(anonymous_12)
FNDA:0,(anonymous_13)
FNDA:0,(anonymous_14)
DA:2,2
DA:3,76
DA:4,76
DA:5,76
DA:6,76
DA:8,76
DA:10,0
DA:11,0
DA:13,2
DA:14,2
DA:16,0
DA:18,2
DA:19,2
DA:20,2
DA:21,0
DA:22,2
DA:24,2
DA:25,2
DA:26,2
DA:27,76
DA:28,2
DA:29,2
DA:31,2
DA:32,2
DA:34,2
DA:35,2
DA:37,2
DA:38,2
DA:39,2
DA:40,2
DA:42,6
DA:44,0
DA:47,6
DA:55,6
DA:61,0
DA:64,0
DA:67,0
DA:70,0
DA:73,0
DA:76,2
DA:77,2
LF:41
LH:31
BRDA:2,0,0,2
BRDA:2,0,1,2
BRDA:2,0,2,2
BRDA:2,1,0,2
BRDA:2,1,1,0
BRDA:3,2,0,76
BRDA:3,2,1,0
BRDA:5,3,0,76
BRDA:5,3,1,0
BRDA:5,4,0,76
BRDA:5,4,1,76
BRDA:5,5,0,0
BRDA:5,5,1,76
BRDA:5,6,0,76
BRDA:5,6,1,0
BRDA:10,7,0,0
BRDA:10,7,1,0
BRDA:13,8,0,2
BRDA:13,8,1,2
BRDA:13,8,2,2
BRDA:13,9,0,2
BRDA:13,9,1,0
BRDA:18,10,0,2
BRDA:18,10,1,2
BRDA:18,10,2,2
BRDA:19,11,0,2
BRDA:19,11,1,0
BRDA:19,12,0,0
BRDA:19,12,1,0
BRDA:20,13,0,2
BRDA:20,13,1,0
BRDA:20,14,0,2
BRDA:20,14,1,2
BRDA:21,15,0,0
BRDA:21,15,1,0
BRDA:21,16,0,0
BRDA:21,16,1,0
BRDA:21,17,0,0
BRDA:21,17,1,0
BRDA:21,18,0,0
BRDA:21,18,1,0
BRDA:22,19,0,2
BRDA:22,19,1,0
BRDA:22,19,2,0
BRDA:24,20,0,2
BRDA:24,20,1,2
BRDA:24,20,2,2
BRDA:25,21,0,0
BRDA:25,21,1,2
BRDA:25,22,0,2
BRDA:25,22,1,2
BRDA:27,23,0,2
BRDA:27,23,1,0
BRDA:27,24,0,76
BRDA:27,24,1,0
BRDA:27,25,0,76
BRDA:27,25,1,76
BRDA:31,26,0,2
BRDA:31,26,1,2
BRDA:31,26,2,2
BRDA:32,27,0,2
BRDA:32,27,1,0
BRDA:32,28,0,2
BRDA:32,28,1,2
BRF:64
BRH:38
end_of_record
